========== fold: 0 training ==========
Epoch 1 - avg_train_loss: 0.6785  avg_val_loss: 0.4956  time: 300s
Epoch 1 - val_accuracy: 0.8280
Epoch 1 - Save Best Score: 0.8280 Model
Epoch 2 - avg_train_loss: 0.4778  avg_val_loss: 0.4382  time: 280s
Epoch 2 - val_accuracy: 0.8498
Epoch 2 - Save Best Score: 0.8498 Model
Epoch 3 - avg_train_loss: 0.4350  avg_val_loss: 0.4374  time: 279s
Epoch 3 - val_accuracy: 0.8512
Epoch 3 - Save Best Score: 0.8512 Model
Epoch 4 - avg_train_loss: 0.4039  avg_val_loss: 0.4115  time: 280s
Epoch 4 - val_accuracy: 0.8600
Epoch 4 - Save Best Score: 0.8600 Model
Epoch 5 - avg_train_loss: 0.3837  avg_val_loss: 0.4076  time: 279s
Epoch 5 - val_accuracy: 0.8661
Epoch 5 - Save Best Score: 0.8661 Model
Epoch 6 - avg_train_loss: 0.3702  avg_val_loss: 0.3945  time: 279s
Epoch 6 - val_accuracy: 0.8682
Epoch 6 - Save Best Score: 0.8682 Model
Epoch 7 - avg_train_loss: 0.3565  avg_val_loss: 0.3957  time: 279s
Epoch 7 - val_accuracy: 0.8689
Epoch 7 - Save Best Score: 0.8689 Model
Epoch 8 - avg_train_loss: 0.3383  avg_val_loss: 0.3938  time: 280s
Epoch 8 - val_accuracy: 0.8673
Epoch 9 - avg_train_loss: 0.3251  avg_val_loss: 0.3964  time: 277s
Epoch 9 - val_accuracy: 0.8696
Epoch 9 - Save Best Score: 0.8696 Model
Epoch 10 - avg_train_loss: 0.3187  avg_val_loss: 0.3914  time: 276s
Epoch 10 - val_accuracy: 0.8720
Epoch 10 - Save Best Score: 0.8720 Model
========== fold: 0 result ==========
Score: 0.87196
========== CV ==========
Score: 0.87196
